<?xml version="1.0" encoding="UTF-8"?>
<testsuite name="AppTest" tests="1" skipped="0" failures="0" errors="0" timestamp="2025-04-10T07:18:10" hostname="Ubuntu" time="0.004">
  <properties/>
  <testcase name="testAppHasAGreeting" classname="AppTest" time="0.004"/>
  <system-out><![CDATA[]]></system-out>
  <system-err><![CDATA[]]></system-err>
</testsuite>
